2025.06.01 16:51:22 INFO  Started: Metals version 1.5.3 in folders '/Users/legoman/code/gatling/gatling-fundamentals-api-scala' for client Visual Studio Code 1.99.3.
2025.06.01 16:51:22 INFO  no build target found for /Users/legoman/code/gatling/gatling-fundamentals-api-scala/src/test/scala/ie/williamswalsh/simulations/BasicLoadSimulation.scala. Using presentation compiler with project's scala-library version: 3.3.6
2025.06.01 16:51:40 INFO  no build target found for /Users/legoman/code/gatling/gatling-fundamentals-api-scala/src/test/scala/ie/williamswalsh/simulations/BasicLoadSimulation.scala. Using presentation compiler with project's scala-library version: 3.3.6
June 01, 2025 4:51:41 PM org.eclipse.lsp4j.jsonrpc.RemoteEndpoint handleCancellation
WARNING: Unmatched cancel notification for request id 2
2025.06.01 16:51:40 INFO  no build target found for /Users/legoman/code/gatling/gatling-fundamentals-api-scala/src/test/scala/ie/williamswalsh/simulations/BasicLoadSimulation.scala. Using presentation compiler with project's scala-library version: 3.3.6
2025.06.01 16:51:40 INFO  no build target found for /Users/legoman/code/gatling/gatling-fundamentals-api-scala/src/test/scala/ie/williamswalsh/simulations/BasicLoadSimulation.scala. Using presentation compiler with project's scala-library version: 3.3.6
2025.06.01 16:51:40 INFO  no build target found for /Users/legoman/code/gatling/gatling-fundamentals-api-scala/src/test/scala/ie/williamswalsh/simulations/BasicLoadSimulation.scala. Using presentation compiler with project's scala-library version: 3.3.6
June 01, 2025 4:51:42 PM org.eclipse.lsp4j.jsonrpc.RemoteEndpoint handleCancellation
WARNING: Unmatched cancel notification for request id 7
June 01, 2025 4:51:42 PM org.eclipse.lsp4j.jsonrpc.RemoteEndpoint handleCancellation
WARNING: Unmatched cancel notification for request id 3
June 01, 2025 4:51:42 PM org.eclipse.lsp4j.jsonrpc.RemoteEndpoint handleCancellation
WARNING: Unmatched cancel notification for request id 6
June 01, 2025 4:51:42 PM org.eclipse.lsp4j.jsonrpc.RemoteEndpoint handleCancellation
WARNING: Unmatched cancel notification for request id 8
2025.06.01 16:51:42 INFO  no build target found for /Users/legoman/code/gatling/gatling-fundamentals-api-scala/src/test/scala/ie/williamswalsh/simulations/BasicLoadSimulation.scala. Using presentation compiler with project's scala-library version: 3.3.6
June 01, 2025 4:51:42 PM scala.meta.internal.metals.StdReporter $anonfun$create$1
WARNING: empty definition using pc, found symbol in pc: `<none>`. (full report at: /Users/legoman/code/gatling/gatling-fundamentals-api-scala/.metals/.reports/metals-full/2025-06-01/r_empty-definition_16-51-42-257.md)
June 01, 2025 4:56:17 PM org.eclipse.lsp4j.jsonrpc.services.GenericEndpoint notify
INFO: Unsupported notification method: $/setTrace
June 01, 2025 5:00:47 PM org.eclipse.lsp4j.jsonrpc.services.GenericEndpoint notify
INFO: Unsupported notification method: $/setTrace
June 01, 2025 5:00:48 PM org.eclipse.lsp4j.jsonrpc.services.GenericEndpoint notify
INFO: Unsupported notification method: $/setTrace
2025.06.01 17:01:34 INFO  no build target found for /Users/legoman/code/gatling/gatling-fundamentals-api-scala/src/test/scala/ie/williamswalsh/simulations/BasicLoadSimulation.scala. Using presentation compiler with project's scala-library version: 3.3.6
2025.06.01 17:01:34 WARN  no build target for: /Users/legoman/code/gatling/gatling-fundamentals-api-scala/src/test/scala/ie/williamswalsh/simulations/BasicLoadSimulation.scala
2025.06.01 17:01:34 INFO  no build target found for /Users/legoman/code/gatling/gatling-fundamentals-api-scala/src/test/scala/ie/williamswalsh/simulations/BasicLoadSimulation.scala. Using presentation compiler with project's scala-library version: 3.3.6
2025.06.01 17:01:34 INFO  no build target found for /Users/legoman/code/gatling/gatling-fundamentals-api-scala/src/test/scala/ie/williamswalsh/simulations/BasicLoadSimulation.scala. Using presentation compiler with project's scala-library version: 3.3.6
2025.06.01 17:01:34 INFO  no build target found for /Users/legoman/code/gatling/gatling-fundamentals-api-scala/src/test/scala/ie/williamswalsh/simulations/BasicLoadSimulation.scala. Using presentation compiler with project's scala-library version: 3.3.6
2025.06.01 17:01:35 INFO  no build target found for /Users/legoman/code/gatling/gatling-fundamentals-api-scala/src/test/scala/ie/williamswalsh/simulations/BasicLoadSimulation.scala. Using presentation compiler with project's scala-library version: 3.3.6
2025.06.01 17:01:35 INFO  no build target found for /Users/legoman/code/gatling/gatling-fundamentals-api-scala/src/test/scala/ie/williamswalsh/simulations/BasicLoadSimulation.scala. Using presentation compiler with project's scala-library version: 3.3.6
2025.06.01 17:01:35 INFO  no build target found for /Users/legoman/code/gatling/gatling-fundamentals-api-scala/src/test/scala/ie/williamswalsh/simulations/BasicLoadSimulation.scala. Using presentation compiler with project's scala-library version: 3.3.6
June 01, 2025 5:01:36 PM scala.meta.internal.metals.StdReporter $anonfun$create$1
WARNING: empty definition using pc, found symbol in pc: `<none>`. (full report at: /Users/legoman/code/gatling/gatling-fundamentals-api-scala/.metals/.reports/metals-full/2025-06-01/r_empty-definition_16-51-42-257.md)
2025.06.01 17:01:36 INFO  no build target found for /Users/legoman/code/gatling/gatling-fundamentals-api-scala/src/test/scala/ie/williamswalsh/simulations/BasicLoadSimulation.scala. Using presentation compiler with project's scala-library version: 3.3.6
June 01, 2025 5:01:36 PM scala.meta.internal.metals.StdReporter $anonfun$create$1
WARNING: empty definition using pc, found symbol in pc: `<none>`. (full report at: /Users/legoman/code/gatling/gatling-fundamentals-api-scala/.metals/.reports/metals-full/2025-06-01/r_empty-definition_16-51-42-257.md)
2025.06.01 17:02:22 INFO  no build target found for /Users/legoman/code/gatling/gatling-fundamentals-api-scala/src/test/scala/ie/williamswalsh/simulations/BasicLoadSimulation.scala. Using presentation compiler with project's scala-library version: 3.3.6
2025.06.01 17:04:45 INFO  
2025.06.01 17:04:45 INFO  Template applied in /Users/legoman/code/gatling/./hello-world
2025.06.01 17:04:45 INFO  
2025.06.01 17:04:45 INFO  time: ran 'giter8.Giter8' in 8.87s
2025.06.01 17:04:46 INFO  Skipping existing file: /Users/legoman/code/gatling/./hello-world/project/build.properties
2025.06.01 17:04:46 INFO  Skipping existing file: /Users/legoman/code/gatling/./hello-world/build.sbt
2025.06.01 17:04:46 INFO  Skipping existing file: /Users/legoman/code/gatling/./hello-world/src/main/scala/Main.scala
2025.06.01 17:04:46 INFO  
2025.06.01 17:04:46 INFO  Template applied in /Users/legoman/code/gatling/./hello-world
2025.06.01 17:04:46 INFO  
2025.06.01 17:04:46 INFO  time: ran 'giter8.Giter8' in 1.99s
June 01, 2025 5:04:49 PM org.eclipse.lsp4j.jsonrpc.services.GenericEndpoint notify
INFO: Unsupported notification method: $/setTrace
2025.06.01 17:04:49 INFO  no build target found for /Users/legoman/code/gatling/gatling-fundamentals-api-scala/src/test/scala/ie/williamswalsh/simulations/BasicLoadSimulation.scala. Using presentation compiler with project's scala-library version: 3.3.6
2025.06.01 17:06:35 INFO  no build target found for /Users/legoman/code/gatling/gatling-fundamentals-api-scala/src/test/scala/ie/williamswalsh/simulations/BasicLoadSimulation.scala. Using presentation compiler with project's scala-library version: 3.3.6
2025.06.01 17:06:35 INFO  no build target found for /Users/legoman/code/gatling/gatling-fundamentals-api-scala/src/test/scala/ie/williamswalsh/simulations/BasicLoadSimulation.scala. Using presentation compiler with project's scala-library version: 3.3.6
2025.06.01 17:06:35 INFO  no build target found for /Users/legoman/code/gatling/gatling-fundamentals-api-scala/src/test/scala/ie/williamswalsh/simulations/BasicLoadSimulation.scala. Using presentation compiler with project's scala-library version: 3.3.6
2025.06.01 17:06:37 INFO  no build target found for /Users/legoman/code/gatling/gatling-fundamentals-api-scala/src/test/scala/ie/williamswalsh/simulations/BasicLoadSimulation.scala. Using presentation compiler with project's scala-library version: 3.3.6
2025.06.01 17:06:56 INFO  no build target found for /Users/legoman/code/gatling/gatling-fundamentals-api-scala/src/test/scala/ie/williamswalsh/simulations/BasicLoadSimulation.scala. Using presentation compiler with project's scala-library version: 3.3.6
2025.06.01 17:06:56 INFO  no build target found for /Users/legoman/code/gatling/gatling-fundamentals-api-scala/src/test/scala/ie/williamswalsh/simulations/BasicLoadSimulation.scala. Using presentation compiler with project's scala-library version: 3.3.6
2025.06.01 17:06:56 INFO  no build target found for /Users/legoman/code/gatling/gatling-fundamentals-api-scala/src/test/scala/ie/williamswalsh/simulations/BasicLoadSimulation.scala. Using presentation compiler with project's scala-library version: 3.3.6
2025.06.01 17:07:22 INFO  no build target found for /Users/legoman/code/gatling/gatling-fundamentals-api-scala/src/test/scala/ie/williamswalsh/simulations/BasicLoadSimulation.scala. Using presentation compiler with project's scala-library version: 3.3.6
2025.06.01 17:07:22 INFO  no build target found for /Users/legoman/code/gatling/gatling-fundamentals-api-scala/src/test/scala/ie/williamswalsh/simulations/BasicLoadSimulation.scala. Using presentation compiler with project's scala-library version: 3.3.6
2025.06.01 17:08:00 INFO  Shutting down server
2025.06.01 17:08:00 INFO  shutting down Metals
2025.06.01 17:08:00 INFO  Exiting server
